<?xml version="1.0" encoding="UTF-8"?>
<testng-results ignored="0" total="2" passed="2" failed="0" skipped="0">
  <reporter-output>
  </reporter-output>
  <suite started-at="2024-09-09T20:47:56 IST" name="Suite" finished-at="2024-09-09T20:48:11 IST" duration-ms="14153">
    <groups>
      <group name="Master">
        <method signature="TC001_AccountRegistrationTest.verify_account_registration()[pri:0, instance:testCases.TC001_AccountRegistrationTest@5b8dfcc1]" name="verify_account_registration" class="testCases.TC001_AccountRegistrationTest"/>
        <method signature="TC002_LoginTest.VerifyAccountLogin()[pri:0, instance:testCases.TC002_LoginTest@4f83df68]" name="VerifyAccountLogin" class="testCases.TC002_LoginTest"/>
      </group> <!-- Master -->
      <group name="Sanity">
        <method signature="TC002_LoginTest.VerifyAccountLogin()[pri:0, instance:testCases.TC002_LoginTest@4f83df68]" name="VerifyAccountLogin" class="testCases.TC002_LoginTest"/>
      </group> <!-- Sanity -->
      <group name="Regression">
        <method signature="TC001_AccountRegistrationTest.verify_account_registration()[pri:0, instance:testCases.TC001_AccountRegistrationTest@5b8dfcc1]" name="verify_account_registration" class="testCases.TC001_AccountRegistrationTest"/>
      </group> <!-- Regression -->
    </groups>
    <test started-at="2024-09-09T20:47:56 IST" name="Test" finished-at="2024-09-09T20:48:11 IST" duration-ms="14153">
      <class name="testCases.TC002_LoginTest">
        <test-method is-config="true" signature="setup(java.lang.String,java.lang.String)[pri:0, instance:testCases.TC002_LoginTest@4f83df68]" started-at="2024-09-09T20:48:05 IST" name="setup" finished-at="2024-09-09T20:48:10 IST" duration-ms="4184" status="PASS">
          <params>
            <param index="0">
              <value>
                <![CDATA[windows]]>
              </value>
            </param>
            <param index="1">
              <value>
                <![CDATA[chrome]]>
              </value>
            </param>
          </params>
          <reporter-output>
          </reporter-output>
        </test-method> <!-- setup -->
        <test-method signature="VerifyAccountLogin()[pri:0, instance:testCases.TC002_LoginTest@4f83df68]" started-at="2024-09-09T20:48:10 IST" name="VerifyAccountLogin" finished-at="2024-09-09T20:48:10 IST" duration-ms="785" status="PASS">
          <reporter-output>
          </reporter-output>
        </test-method> <!-- VerifyAccountLogin -->
        <test-method is-config="true" signature="tearDown()[pri:0, instance:testCases.TC002_LoginTest@4f83df68]" started-at="2024-09-09T20:48:10 IST" name="tearDown" finished-at="2024-09-09T20:48:11 IST" duration-ms="108" status="PASS">
          <reporter-output>
          </reporter-output>
        </test-method> <!-- tearDown -->
      </class> <!-- testCases.TC002_LoginTest -->
      <class name="testCases.TC001_AccountRegistrationTest">
        <test-method is-config="true" signature="setup(java.lang.String,java.lang.String)[pri:0, instance:testCases.TC001_AccountRegistrationTest@5b8dfcc1]" started-at="2024-09-09T20:47:56 IST" name="setup" finished-at="2024-09-09T20:48:03 IST" duration-ms="6598" status="PASS">
          <params>
            <param index="0">
              <value>
                <![CDATA[windows]]>
              </value>
            </param>
            <param index="1">
              <value>
                <![CDATA[chrome]]>
              </value>
            </param>
          </params>
          <reporter-output>
          </reporter-output>
        </test-method> <!-- setup -->
        <test-method signature="verify_account_registration()[pri:0, instance:testCases.TC001_AccountRegistrationTest@5b8dfcc1]" started-at="2024-09-09T20:48:03 IST" name="verify_account_registration" finished-at="2024-09-09T20:48:05 IST" duration-ms="2088" status="PASS">
          <reporter-output>
          </reporter-output>
        </test-method> <!-- verify_account_registration -->
        <test-method is-config="true" signature="tearDown()[pri:0, instance:testCases.TC001_AccountRegistrationTest@5b8dfcc1]" started-at="2024-09-09T20:48:05 IST" name="tearDown" finished-at="2024-09-09T20:48:05 IST" duration-ms="247" status="PASS">
          <reporter-output>
          </reporter-output>
        </test-method> <!-- tearDown -->
      </class> <!-- testCases.TC001_AccountRegistrationTest -->
    </test> <!-- Test -->
  </suite> <!-- Suite -->
</testng-results>
